-------------------------------------------------------------------------------
Test set: easy.LasagnaTest
-------------------------------------------------------------------------------
Tests run: 10, Failures: 0, Errors: 0, Skipped: 0, Time elapsed: 0.047 s -- in easy.LasagnaTest
easy.LasagnaTest.total_time_in_minutes_for_multiple_layers -- Time elapsed: 0.031 s
easy.LasagnaTest.total_time_in_minutes_for_one_layer -- Time elapsed: 0 s
easy.LasagnaTest.remaining_minutes_in_oven -- Time elapsed: 0 s
easy.LasagnaTest.preparation_time_in_minutes_for_one_layer -- Time elapsed: 0 s
easy.LasagnaTest.expected_minutes_in_oven -- Time elapsed: 0.016 s
easy.LasagnaTest.implemented_total_time_in_minutes -- Time elapsed: 0 s
easy.LasagnaTest.implemented_remaining_minutes_in_oven -- Time elapsed: 0 s
easy.LasagnaTest.preparation_time_in_minutes_for_multiple_layers -- Time elapsed: 0 s
easy.LasagnaTest.implemented_expected_minutes_in_oven -- Time elapsed: 0 s
easy.LasagnaTest.implemented_preparation_time_in_minutes -- Time elapsed: 0 s
