-------------------------------------------------------------------------------
Test set: easy.AnnalynsInfiltrationTest
-------------------------------------------------------------------------------
Tests run: 30, Failures: 0, Errors: 0, Skipped: 0, Time elapsed: 0.120 s -- in easy.AnnalynsInfiltrationTest
easy.AnnalynsInfiltrationTest.can_spy_if_everyone_but_prisoner_is_sleeping -- Time elapsed: 0.010 s
easy.AnnalynsInfiltrationTest.cannot_release_prisoner_if_only_archer_is_asleep_and_pet_dog_is_absent -- Time elapsed: 0.003 s
easy.AnnalynsInfiltrationTest.cannot_signal_prisoner_if_archer_is_awake_and_prisoner_is_sleeping -- Time elapsed: 0 s
easy.AnnalynsInfiltrationTest.cannot_signal_prisoner_if_archer_and_prisoner_are_both_sleeping -- Time elapsed: 0 s
easy.AnnalynsInfiltrationTest.cannot_release_prisoner_if_only_knight_is_awake_and_pet_dog_is_absent -- Time elapsed: 0 s
easy.AnnalynsInfiltrationTest.cannot_release_prisoner_if_everyone_is_asleep_and_pet_dog_is_absent -- Time elapsed: 0.001 s
easy.AnnalynsInfiltrationTest.cannot_release_prisoner_if_only_prisoner_is_asleep_and_pet_dog_is_present -- Time elapsed: 0 s
easy.AnnalynsInfiltrationTest.can_spy_if_only_knight_is_sleeping -- Time elapsed: 0.015 s
easy.AnnalynsInfiltrationTest.cannot_release_prisoner_if_everyone_is_awake_and_pet_dog_is_absent -- Time elapsed: 0 s
easy.AnnalynsInfiltrationTest.can_spy_if_everyone_is_awake -- Time elapsed: 0.003 s
easy.AnnalynsInfiltrationTest.can_execute_fast_attack_if_knight_is_sleeping -- Time elapsed: 0.001 s
easy.AnnalynsInfiltrationTest.can_release_prisoner_if_only_archer_is_asleep_and_pet_dog_is_present -- Time elapsed: 0.006 s
easy.AnnalynsInfiltrationTest.can_release_prisoner_if_everyone_is_asleep_and_pet_dog_is_present -- Time elapsed: 0 s
easy.AnnalynsInfiltrationTest.can_spy_if_only_archer_is_sleeping -- Time elapsed: 0 s
easy.AnnalynsInfiltrationTest.cannot_execute_fast_attack_if_knight_is_awake -- Time elapsed: 0.012 s
easy.AnnalynsInfiltrationTest.cannot_release_prisoner_if_only_archer_is_awake_and_pet_dog_is_absent -- Time elapsed: 0 s
easy.AnnalynsInfiltrationTest.can_release_prisoner_if_only_knight_is_awake_and_pet_dog_is_present -- Time elapsed: 0 s
easy.AnnalynsInfiltrationTest.cannot_release_prisoner_if_only_knight_is_asleep_and_pet_dog_is_absent -- Time elapsed: 0 s
easy.AnnalynsInfiltrationTest.can_release_prisoner_if_only_prisoner_is_awake_and_pet_dog_is_present -- Time elapsed: 0 s
easy.AnnalynsInfiltrationTest.can_release_prisoner_if_only_prisoner_is_awake_and_pet_dog_is_absent -- Time elapsed: 0.001 s
easy.AnnalynsInfiltrationTest.can_spy_if_only_prisoner_is_sleeping -- Time elapsed: 0 s
easy.AnnalynsInfiltrationTest.cannot_release_prisoner_if_only_knight_is_asleep_and_pet_dog_is_present -- Time elapsed: 0 s
easy.AnnalynsInfiltrationTest.cannot_spy_if_everyone_is_sleeping -- Time elapsed: 0 s
easy.AnnalynsInfiltrationTest.cannot_release_prisoner_if_only_archer_is_awake_and_pet_dog_is_present -- Time elapsed: 0 s
easy.AnnalynsInfiltrationTest.can_signal_prisoner_if_archer_is_sleeping_and_prisoner_is_awake -- Time elapsed: 0 s
easy.AnnalynsInfiltrationTest.cannot_release_prisoner_if_everyone_is_awake_and_pet_dog_is_present -- Time elapsed: 0 s
easy.AnnalynsInfiltrationTest.can_spy_if_everyone_but_knight_is_sleeping -- Time elapsed: 0 s
easy.AnnalynsInfiltrationTest.cannot_release_prisoner_if_only_prisoner_is_asleep_and_pet_dog_is_absent -- Time elapsed: 0 s
easy.AnnalynsInfiltrationTest.can_spy_if_everyone_but_archer_is_sleeping -- Time elapsed: 0 s
easy.AnnalynsInfiltrationTest.cannot_signal_prisoner_if_archer_and_prisoner_are_both_awake -- Time elapsed: 0 s
