-------------------------------------------------------------------------------
Test set: easy.BlackjackTest
-------------------------------------------------------------------------------
Tests run: 55, Failures: 0, Errors: 0, Skipped: 0, Time elapsed: 0.123 s -- in easy.BlackjackTest
easy.BlackjackTest.blackjackWithKingAceSecond -- Time elapsed: 0 s
easy.BlackjackTest.firstTurnWithAceAceAndDealerAce -- Time elapsed: 0 s
easy.BlackjackTest.firstTurnWithTwoNineAndDealerQueen -- Time elapsed: 0 s
easy.BlackjackTest.firstTurnWithKingSevenAndDealerAce -- Time elapsed: 0 s
easy.BlackjackTest.firstTurnWithTwoTenAndDealerQueen -- Time elapsed: 0.015 s
easy.BlackjackTest.firstTurnWithTwoTenAndDealerSeven -- Time elapsed: 0.002 s
easy.BlackjackTest.firstTurnWithKingTenAndDealerAce -- Time elapsed: 0 s
easy.BlackjackTest.firstTurnWithFourTenAndDealerQueen -- Time elapsed: 0 s
easy.BlackjackTest.firstTurnWithFourTenAndDealerSeven -- Time elapsed: 0 s
easy.BlackjackTest.correctParsesEight -- Time elapsed: 0 s
easy.BlackjackTest.correctParsesQueen -- Time elapsed: 0 s
easy.BlackjackTest.correctParsesSeven -- Time elapsed: 0 s
easy.BlackjackTest.correctParsesThree -- Time elapsed: 0 s
easy.BlackjackTest.firstTurnWithJackJackAndDealerAce -- Time elapsed: 0 s
easy.BlackjackTest.firstTurnWithFiveTenAndDealerKing -- Time elapsed: 0 s
easy.BlackjackTest.firstTurnWithEightTenAndDealerAce -- Time elapsed: 0 s
easy.BlackjackTest.blackjackWithJackAceSecond -- Time elapsed: 0.017 s
easy.BlackjackTest.firstTurnWithSixTenAndDealerAce -- Time elapsed: 0 s
easy.BlackjackTest.firstTurnWithSixTenAndDealerSix -- Time elapsed: 0 s
easy.BlackjackTest.firstTurnWithThreeTenAndDealerSix -- Time elapsed: 0 s
easy.BlackjackTest.noBlackjackWithTwoFigures -- Time elapsed: 0.009 s
easy.BlackjackTest.firstTurnWithTwoTwoAndDealerAce -- Time elapsed: 0 s
easy.BlackjackTest.firstTurnWithAceKingAndDealerQueen -- Time elapsed: 0 s
easy.BlackjackTest.firstTurnWithTwoEightAndDealerTwo -- Time elapsed: 0 s
easy.BlackjackTest.firstTurnWithKingKingAndDealerAce -- Time elapsed: 0 s
easy.BlackjackTest.firstTurnWithJackAceAndDealerAce -- Time elapsed: 0 s
easy.BlackjackTest.firstTurnWithFiveFiveAndAce -- Time elapsed: 0 s
easy.BlackjackTest.noBlackjackWithKingAndFive -- Time elapsed: 0.015 s
easy.BlackjackTest.firstTurnWithTwoTenAndDealerSix -- Time elapsed: 0.002 s
easy.BlackjackTest.firstTurnWithFiveTenAndDealerSeven -- Time elapsed: 0 s
easy.BlackjackTest.blackjackWithTenAceSecond -- Time elapsed: 0 s
easy.BlackjackTest.firstTurnWithTwoTwoAndDealerFive -- Time elapsed: 0 s
easy.BlackjackTest.firstTurnWithFourTenAndDealerSix -- Time elapsed: 0 s
easy.BlackjackTest.noBlackjackWithTwoAces -- Time elapsed: 0 s
easy.BlackjackTest.correctParsesAce -- Time elapsed: 0.008 s
easy.BlackjackTest.correctParsesSix -- Time elapsed: 0.001 s
easy.BlackjackTest.correctParsesTen -- Time elapsed: 0.001 s
easy.BlackjackTest.correctParsesTwo -- Time elapsed: 0.001 s
easy.BlackjackTest.firstTurnWithNineTenAndDealerAce -- Time elapsed: 0.002 s
easy.BlackjackTest.firstTurnWithKingAceAndDealerNine -- Time elapsed: 0 s
easy.BlackjackTest.blackjackWithQueenAceSecond -- Time elapsed: 0.001 s
easy.BlackjackTest.correctParsesFive -- Time elapsed: 0.001 s
easy.BlackjackTest.correctParsesFour -- Time elapsed: 0.001 s
easy.BlackjackTest.correctParsesJack -- Time elapsed: 0.001 s
easy.BlackjackTest.correctParsesKing -- Time elapsed: 0.002 s
easy.BlackjackTest.correctParsesNine -- Time elapsed: 0.001 s
easy.BlackjackTest.firstTurnWithSixTenAndDealerSeven -- Time elapsed: 0 s
easy.BlackjackTest.firstTurnWithTenAceAndDealerFive -- Time elapsed: 0 s
easy.BlackjackTest.firstTurnWithFiveTenAndDealerSix -- Time elapsed: 0.001 s
easy.BlackjackTest.firstTurnWithTwoThreeAndDealerQueen -- Time elapsed: 0.001 s
easy.BlackjackTest.noBlackjackWithEightAndFive -- Time elapsed: 0.001 s
easy.BlackjackTest.firstTurnWithThreeTenAndDealerQueen -- Time elapsed: 0 s
easy.BlackjackTest.firstTurnWithThreeTenAndDealerSeven -- Time elapsed: 0.002 s
easy.BlackjackTest.noBlackjackWithFive -- Time elapsed: 0.001 s
easy.BlackjackTest.noBlackjackWithNine -- Time elapsed: 0.002 s
