-------------------------------------------------------------------------------
Test set: easy.GigasecondTest
-------------------------------------------------------------------------------
Tests run: 5, Failures: 0, Errors: 0, Skipped: 0, Time elapsed: 0.021 s -- in easy.GigasecondTest
easy.GigasecondTest.withFullTimeSpecified -- Time elapsed: 0.021 s
easy.GigasecondTest.modernTime -- Time elapsed: 0 s
easy.GigasecondTest.beforeEpochTime -- Time elapsed: 0 s
easy.GigasecondTest.afterEpochTime -- Time elapsed: 0 s
easy.GigasecondTest.withFullTimeSpecifiedAndDayRollover -- Time elapsed: 0 s
