-------------------------------------------------------------------------------
Test set: medium.FlattenerTest
-------------------------------------------------------------------------------
Tests run: 6, Failures: 0, Errors: 0, Skipped: 0, Time elapsed: 0.019 s -- in medium.FlattenerTest
medium.FlattenerTest.testSixLevelsOfNestingWithNulls -- Time elapsed: 0 s
medium.FlattenerTest.testASingleLevelOfNestingWithNoNulls -- Time elapsed: 0 s
medium.FlattenerTest.testFlatListIsPreserved -- Time elapsed: 0 s
medium.FlattenerTest.testFiveLevelsOfNestingWithNoNulls -- Time elapsed: 0.015 s
medium.FlattenerTest.testNestedListsFullOfNullsOnly -- Time elapsed: 0.001 s
medium.FlattenerTest.testSixLevelsOfNestingWithNoNulls -- Time elapsed: 0.003 s
